.server to: SlimServer {mysqueezebox.com}
Jan  5 13:25:00 squeezeplay: INFO   squeezebox.server - SlimServer.lua:370 Firmware URL: nil
Jan  5 13:25:00 squeezeplay: INFO   squeezebox.server - SlimServer.lua:387 mysqueezebox.com firmware=nil force=false
Jan  5 13:25:00 squeezeplay: INFO   applet.SlimMenus - SlimMenusApplet.lua:502 _menuSink(4) nil menuDirective: add isCurrentServer:true
Jan  5 13:25:00 squeezeplay: INFO   applet.SlimMenus - SlimMenusApplet.lua:802 hiding any 'connecting to server' popup after menu response from current server, SlimServer {mysqueezebox.com}
Jan  5 13:25:00 squeezeplay: INFO   applet.ChooseMusicSource - ChooseMusicSourceApplet.lua:543 Hiding popup, exists?: nil
Jan  5 13:25:00 squeezeplay: INFO   squeezeplay.applets - AppletManager.lua:708 store settings: SlimDiscovery
Jan  5 13:25:00 squeezeplay: WARN   applet.AlarmSnooze - AlarmSnoozeApplet.lua:348 notify_playerDisconnected LocalPlayer {nil}nil
Jan  5 13:25:30 squeezeplay: INFO   squeezeplay.applets - AppletManager.lua:708 store settings: SlimDiscovery
Jan  5 13:25:30 squeezeplay: INFO   applet.SlimDiscovery - SlimDiscoveryApplet.lua:453 connected Squeezebox Radio
Jan  5 13:25:30 squeezeplay: INFO   squeezeplay.applets - AppletManager.lua:708 store settings: SlimDiscovery
Jan  5 13:25:30 squeezeplay: INFO   applet.AlarmSnooze - AlarmSnoozeApplet.lua:306 notify_playerCurrent(LocalPlayer {Squeezebox Radio})
Jan  5 13:25:30 squeezeplay: INFO   applet.SlimMenus - SlimMenusApplet.lua:1162 SlimMenusApplet:notify_playerCurrent(LocalPlayer {Squeezebox Radio})
Jan  5 13:25:30 squeezeplay: WARN   applet.AlarmSnooze - AlarmSnoozeApplet.lua:333 notify_playerConnected: LocalPlayer {Squeezebox Radio} nil
Jan  5 13:25:30 squeezeplay: WARN   applet.AlarmSnooze - AlarmSnoozeApplet.lua:336 notify_playerConnected(): setting self.server to: SlimServer {mysqueezebox.com}
Jan  5 13:25:30 squeezeplay: INFO   squeezebox.server - SlimServer.lua:370 Firmware URL: nil
Jan  5 13:25:30 squeezeplay: INFO   squeezebox.server - SlimServer.lua:387 mysqueezebox.com firmware=nil force=false
Jan  5 13:25:30 squeezeplay: INFO   applet.SlimMenus - SlimMenusApplet.lua:502 _menuSink(4) nil menuDirective: add isCurrentServer:true
Jan  5 13:25:30 squeezeplay: INFO   applet.SlimMenus - SlimMenusApplet.lua:802 hiding any 'connecting to server' popup after menu response from current server, SlimServer {mysqueezebox.com}
Jan  5 13:25:30 squeezeplay: INFO   applet.ChooseMusicSource - ChooseMusicSourceApplet.lua:543 Hiding popup, exists?: nil
Jan  5 13:25:30 squeezeplay: INFO   squeezeplay.applets - AppletManager.lua:708 store settings: SlimDiscovery
Jan  5 13:25:30 squeezeplay: WARN   applet.AlarmSnooze - AlarmSnoozeApplet.lua:348 notify_playerDisconnected LocalPlayer {nil}nil
Jan  5 13:25:44 dropbear[1256]: Child connection from 192.168.1.43:60703
Jan  5 13:25:48 dropbear[1256]: password auth succeeded for 'root' from 192.168.1.43:60703
Jan  5 13:25:48 dropbear[1258]: lastlog_perform_login: Couldn't stat /var/log/lastlog: No such file or directory
Jan  5 13:25:48 dropbear[1258]: lastlog_openseek: /var/log/lastlog is not a file or directory!
Jan  5 13:26:00 squeezeplay: INFO   squeezeplay.applets - AppletManager.lua:708 store settings: SlimDiscovery
Jan  5 13:26:00 squeezeplay: INFO   applet.SlimDiscovery - SlimDiscoveryApplet.lua:453 connected Squeezebox Radio
Jan  5 13:26:00 squeezeplay: INFO   squeezeplay.applets - AppletManager.lua:708 store settings: SlimDiscovery
Jan  5 13:26:00 squeezeplay: INFO   applet.AlarmSnooze - AlarmSnoozeApplet.lua:306 notify_playerCurrent(LocalPlayer {Squeezebox Radio})
Jan  5 13:26:00 squeezeplay: INFO   applet.SlimMenus - SlimMenusApplet.lua:1162 SlimMenusApplet:notify_playerCurrent(LocalPlayer {Squeezebox Radio})
Jan  5 13:26:00 squeezeplay: WARN   applet.AlarmSnooze - AlarmSnoozeApplet.lua:333 notify_playerConnected: LocalPlayer {Squeezebox Radio} nil
Jan  5 13:26:00 squeezeplay: WARN   applet.AlarmSnooze - AlarmSnoozeApplet.lua:336 notify_playerConnected(): setting self.server to: SlimServer {mysqueezebox.com}
Jan  5 13:26:00 squeezeplay: INFO   squeezebox.server - SlimServer.lua:370 Firmware URL: nil
Jan  5 13:26:00 squeezeplay: INFO   squeezebox.server - SlimServer.lua:387 mysqueezebox.com firmware=nil force=false
Jan  5 13:26:00 squeezeplay: INFO   applet.SlimMenus - SlimMenusApplet.lua:502 _menuSink(4) nil menuDirective: add isCurrentServer:true
Jan  5 13:26:00 squeezeplay: INFO   applet.SlimMenus - SlimMenusApplet.lua:802 hiding any 'connecting to server' popup after menu response from current server, SlimServer {mysqueezebox.com}
Jan  5 13:26:00 squeezeplay: INFO   applet.ChooseMusicSource - ChooseMusicSourceApplet.lua:543 Hiding popup, exists?: nil
Jan  5 13:26:00 squeezeplay: INFO   squeezeplay.applets - AppletManager.lua:708 store settings: SlimDiscovery
Jan  5 13:26:00 squeezeplay: WARN   applet.AlarmSnooze - AlarmSnoozeApplet.lua:348 notify_playerDisconnected LocalPlayer {nil}nil
Jan  5 13:26:30 squeezeplay: INFO   squeezeplay.applets - AppletManager.lua:708 store settings: SlimDiscovery
Jan  5 13:26:30 squeezeplay: INFO   applet.SlimDiscovery - SlimDiscoveryApplet.lua:453 connected Squeezebox Radio
Jan  5 13:26:30 squeezeplay: INFO   squeezeplay.applets - AppletManager.lua:708 store settings: SlimDiscovery
Jan  5 13:26:30 squeezeplay: INFO   applet.AlarmSnooze - AlarmSnoozeApplet.lua:306 notify_playerCurrent(LocalPlayer {Squeezebox Radio})
Jan  5 13:26:30 squeezeplay: INFO   applet.SlimMenus - SlimMenusApplet.lua:1162 SlimMenusApplet:notify_playerCurrent(LocalPlayer {Squeezebox Radio})
Jan  5 13:26:30 squeezeplay: WARN   applet.AlarmSnooze - AlarmSnoozeApplet.lua:333 notify_playerConnected: LocalPlayer {Squeezebox Radio} nil
Jan  5 13:26:30 squeezeplay: WARN   applet.AlarmSnooze - AlarmSnoozeApplet.lua:336 notify_playerConnected(): setting self.server to: SlimServer {mysqueezebox.com}
Jan  5 13:26:30 squeezeplay: INFO   squeezebox.server - SlimServer.lua:370 Firmware URL: nil
Jan  5 13:26:30 squeezeplay: INFO   squeezebox.server - SlimServer.lua:387 mysqueezebox.com firmware=nil force=false
Jan  5 13:26:30 squeezeplay: INFO   applet.SlimMenus - SlimMenusApplet.lua:502 _menuSink(4) nil menuDirective: add isCurrentServer:true
Jan  5 13:26:30 squeezeplay: INFO   applet.SlimMenus - SlimMenusApplet.lua:802 hiding any 'connecting to server' popup after menu response from current server, SlimServer {mysqueezebox.com}
Jan  5 13:26:30 squeezeplay: INFO   applet.ChooseMusicSource - ChooseMusicSourceApplet.lua:543 Hiding popup, exists?: nil
Jan  5 13:26:30 squeezeplay: INFO   squeezeplay.applets - AppletManager.lua:708 store settings: SlimDiscovery
Jan  5 13:26:30 squeezeplay: WARN   applet.AlarmSnooze - AlarmSnoozeApplet.lua:348 notify_playerDisconnected LocalPlayer {nil}nil
Jan  5 13:27:00 squeezeplay: INFO   squeezeplay.applets - AppletManager.lua:708 store settings: SlimDiscovery
Jan  5 13:27:00 squeezeplay: INFO   applet.SlimDiscovery - SlimDiscoveryApplet.lua:453 connected Squeezebox Radio
Jan  5 13:27:00 squeezeplay: INFO   squeezeplay.applets - AppletManager.lua:708 store settings: SlimDiscovery
Jan  5 13:27:00 squeezeplay: INFO   applet.AlarmSnooze - AlarmSnoozeApplet.lua:306 notify_playerCurrent(LocalPlayer {Squeezebox Radio})
Jan  5 13:27:00 squeezeplay: INFO   applet.SlimMenus - SlimMenusApplet.lua:1162 SlimMenusApplet:notify_playerCurrent(LocalPlayer {Squeezebox Radio})
Jan  5 13:27:00 squeezeplay: WARN   applet.AlarmSnooze - AlarmSnoozeApplet.lua:333 notify_playerConnected: LocalPlayer {Squeezebox Radio} nil
Jan  5 13:27:00 squeezeplay: WARN   applet.AlarmSnooze - AlarmSnoozeApplet.lua:336 notify_playerConnected(): setting self.server to: SlimServer {mysqueezebox.com}
Jan  5 13:27:00 squeezeplay: INFO   squeezebox.server - SlimServer.lua:370 Firmware URL: nil
Jan  5 13:27:00 squeezeplay: INFO   squeezebox.server - SlimServer.lua:387 mysqueezebox.com firmware=nil force=false
Jan  5 13:27:00 squeezeplay: INFO   applet.SlimMenus - SlimMenusApplet.lua:502 _menuSink(4) nil menuDirective: add isCurrentServer:true
Jan  5 13:27:00 squeezeplay: INFO   applet.SlimMenus - SlimMenusApplet.lua:802 hiding any 'connecting to server' popup after menu response from current server, SlimServer {mysqueezebox.com}
Jan  5 13:27:00 squeezeplay: INFO   applet.ChooseMusicSource - ChooseMusicSourceApplet.lua:543 Hiding popup, exists?: nil
Jan  5 13:27:00 squeezeplay: INFO   squeezeplay.applets - AppletManager.lua:708 store settings: SlimDiscovery
Jan  5 13:27:00 squeezeplay: WARN   applet.AlarmSnooze - AlarmSnoozeApplet.lua:348 notify_playerDisconnected LocalPlayer {nil}nil
#